<?xml version="1.0" encoding="UTF-8"?>
<!-- Generated by org.testng.reporters.JUnitReportReporter -->
<testsuite skipped="0" hostname="Prince" name="com.crm.qa.testcases.TC002_HomePageTest" tests="3" failures="0" timestamp="29 Apr 2023 13:59:11 GMT" time="33.701" errors="0">
  <testcase name="verifyHomePageTitleTest" time="10.641" classname="com.crm.qa.testcases.TC002_HomePageTest"/>
  <testcase name="verifyUserNameTest" time="10.306" classname="com.crm.qa.testcases.TC002_HomePageTest"/>
  <testcase name="verifyContactsLinkTest" time="12.754" classname="com.crm.qa.testcases.TC002_HomePageTest"/>
</testsuite> <!-- com.crm.qa.testcases.TC002_HomePageTest -->
