<?xml version="1.0" encoding="UTF-8"?>
<!-- Generated by org.testng.reporters.JUnitReportReporter -->
<testsuite skipped="0" hostname="Prince" name="com.crm.qa.testcases.LoginPageTest" tests="3" failures="0" timestamp="23 Apr 2023 01:08:17 GMT" time="23.170" errors="0">
  <testcase name="loginPageTitleTest" time="5.779" classname="com.crm.qa.testcases.LoginPageTest"/>
  <testcase name="crmLogoImageTest" time="5.798" classname="com.crm.qa.testcases.LoginPageTest"/>
  <testcase name="loginTest" time="11.593" classname="com.crm.qa.testcases.LoginPageTest"/>
</testsuite> <!-- com.crm.qa.testcases.LoginPageTest -->
