<?xml version="1.0" encoding="UTF-8"?>
<!-- Generated by org.testng.reporters.JUnitReportReporter -->
<testsuite skipped="1" hostname="Prince" name="com.crm.qa.testcases.TC003_ContactsPageTest" tests="2" failures="0" timestamp="23 Apr 2023 02:09:54 GMT" time="28.630" errors="0">
  <testcase name="verifyContactsPageLabel" time="28.630" classname="com.crm.qa.testcases.TC003_ContactsPageTest"/>
  <testcase name="validateCreateNewContact" time="0.000" classname="com.crm.qa.testcases.TC003_ContactsPageTest">
    <skipped/>
  </testcase> <!-- validateCreateNewContact -->
</testsuite> <!-- com.crm.qa.testcases.TC003_ContactsPageTest -->
