<?xml version="1.0" encoding="UTF-8"?>
<!-- Generated by org.testng.reporters.JUnitReportReporter -->
<testsuite skipped="0" hostname="Prince" name="com.crm.qa.testcases.TC003_ContactsPageTest" tests="4" failures="0" timestamp="29 Apr 2023 19:37:12 GMT" time="121.291" errors="0">
  <testcase name="verifyContactsPageLabel" time="27.826" classname="com.crm.qa.testcases.TC003_ContactsPageTest"/>
  <testcase name="validateCreateNewContact" time="31.120" classname="com.crm.qa.testcases.TC003_ContactsPageTest"/>
  <testcase name="validateCreateNewContact" time="31.267" classname="com.crm.qa.testcases.TC003_ContactsPageTest"/>
  <testcase name="validateCreateNewContact" time="31.078" classname="com.crm.qa.testcases.TC003_ContactsPageTest"/>
</testsuite> <!-- com.crm.qa.testcases.TC003_ContactsPageTest -->
