<?xml version="1.0" encoding="UTF-8"?>
<!-- Generated by org.testng.reporters.JUnitReportReporter -->
<testsuite skipped="0" hostname="Prince" name="com.crm.qa.testcases.TC003_ContactsPageTest" tests="4" failures="0" timestamp="25 Apr 2023 03:15:10 GMT" time="125.901" errors="0">
  <testcase name="verifyContactsPageLabel" time="27.915" classname="com.crm.qa.testcases.TC003_ContactsPageTest"/>
  <testcase name="validateCreateNewContact" time="33.049" classname="com.crm.qa.testcases.TC003_ContactsPageTest"/>
  <testcase name="validateCreateNewContact" time="32.028" classname="com.crm.qa.testcases.TC003_ContactsPageTest"/>
  <testcase name="validateCreateNewContact" time="32.909" classname="com.crm.qa.testcases.TC003_ContactsPageTest"/>
</testsuite> <!-- com.crm.qa.testcases.TC003_ContactsPageTest -->
