<?xml version="1.0" encoding="UTF-8"?>
<!-- Generated by org.testng.reporters.JUnitReportReporter -->
<testsuite skipped="0" hostname="Prince" name="com.crm.qa.testcases.TC001_LoginPageTest" tests="3" failures="0" timestamp="29 Apr 2023 13:58:16 GMT" time="21.213" errors="0">
  <testcase name="loginPageTitleTest" time="5.193" classname="com.crm.qa.testcases.TC001_LoginPageTest"/>
  <testcase name="crmLogoImageTest" time="5.525" classname="com.crm.qa.testcases.TC001_LoginPageTest"/>
  <testcase name="loginTest" time="10.495" classname="com.crm.qa.testcases.TC001_LoginPageTest"/>
</testsuite> <!-- com.crm.qa.testcases.TC001_LoginPageTest -->
